<?xml version="1.0" encoding="UTF-8"?>
<!-- Generated by org.testng.reporters.JUnitReportReporter -->
<testsuite skipped="0" hostname="LAPTOP-M4N4JHAP" name="RestAPIs.GET1" tests="1" failures="0" timestamp="2021-05-25T13:56:47 IST" time="4.300" errors="0">
  <testcase name="testeasy" time="4.300" classname="RestAPIs.GET1"/>
  <system-out/>
</testsuite> <!-- RestAPIs.GET1 -->
