<?xml version="1.0" encoding="UTF-8"?>
<!-- Generated by org.testng.reporters.JUnitReportReporter -->
<testsuite skipped="0" hostname="LAPTOP-M4N4JHAP" name="restassured.TestCases" tests="12" failures="0" timestamp="2021-08-18T11:09:33 IST" time="10.195" errors="0">
  <testcase name="withAuthentication_createGist" time="1.014" classname="restassured.TestCases"/>
  <system-out/>
  <testcase name="noAuthentication_readGistsAll" time="1.173" classname="restassured.TestCases"/>
  <system-out/>
  <testcase name="noAuthentication_deleteGist" time="0.384" classname="restassured.TestCases"/>
  <system-out/>
  <testcase name="noAuthentication_createGist" time="2.772" classname="restassured.TestCases"/>
  <system-out/>
  <testcase name="noAuthentication_editGist" time="0.346" classname="restassured.TestCases"/>
  <system-out/>
  <testcase name="noAuthentication_rateLimit" time="0.985" classname="restassured.TestCases"/>
  <system-out/>
  <testcase name="noAuthentication_readGistsSpecific" time="0.499" classname="restassured.TestCases"/>
  <system-out/>
  <testcase name="withAuthentication_rateLimit" time="0.457" classname="restassured.TestCases"/>
  <system-out/>
  <testcase name="withAuthentication_readGistsAll" time="0.536" classname="restassured.TestCases"/>
  <system-out/>
  <testcase name="withAuthentication_readGistsSpecific" time="0.557" classname="restassured.TestCases"/>
  <system-out/>
  <testcase name="withAuthentication_editGist" time="0.806" classname="restassured.TestCases"/>
  <system-out/>
  <testcase name="withAuthentication_deleteGist" time="0.666" classname="restassured.TestCases"/>
  <system-out/>
</testsuite> <!-- restassured.TestCases -->
